#-----------------------------------------------------------
# Vivado v2018.3 (64-bit)
# SW Build 2405991 on Thu Dec  6 23:38:27 MST 2018
# IP Build 2404404 on Fri Dec  7 01:43:56 MST 2018
# Start of session at: Fri May 17 14:06:53 2019
# Process ID: 2740
# Current directory: Z:/Work/Y3/HwSynLab/project_pong/pong-snmp/hardware
# Command line: vivado.exe -gui_launcher_event rodinguilauncherevent2224 Z:\Work\Y3\HwSynLab\project_pong\pong-snmp\hardware\hardware.xpr
# Log file: Z:/Work/Y3/HwSynLab/project_pong/pong-snmp/hardware/vivado.log
# Journal file: Z:/Work/Y3/HwSynLab/project_pong/pong-snmp/hardware\vivado.jou
#-----------------------------------------------------------
start_gui
open_project Z:/Work/Y3/HwSynLab/project_pong/pong-snmp/hardware/hardware.xpr
INFO: [Project 1-313] Project file moved from 'C:/Users/Smile/Documents/XilinxProjects/hardware' since last save.
Scanning sources...
Finished scanning sources
INFO: [IP_Flow 19-234] Refreshing IP repositories
INFO: [IP_Flow 19-1704] No user IP repositories specified
INFO: [IP_Flow 19-2313] Loaded Vivado IP repository 'C:/Xilinx/Vivado/2018.3/data/ip'.
open_project: Time (s): cpu = 00:00:17 ; elapsed = 00:00:12 . Memory (MB): peak = 643.887 ; gain = 86.641
add_files {Z:/Work/Y3/HwSynLab/project_pong/pong-snmp/hardware/hardware.srcs/sources_1/io/seven_segment/sevenSegDecoder.v Z:/Work/Y3/HwSynLab/project_pong/pong-snmp/hardware/hardware.srcs/sources_1/cpu/cpu.v Z:/Work/Y3/HwSynLab/project_pong/pong-snmp/hardware/hardware.srcs/sources_1/io/seven_segment/clockDivisorBundle.v Z:/Work/Y3/HwSynLab/project_pong/pong-snmp/hardware/hardware.srcs/sources_1/io/uart/UARTReceiver.v Z:/Work/Y3/HwSynLab/project_pong/pong-snmp/hardware/hardware.srcs/sources_1/io/seven_segment/clockDivisor.v Z:/Work/Y3/HwSynLab/project_pong/pong-snmp/hardware/hardware.srcs/sources_1/io/uart/counter10.v Z:/Work/Y3/HwSynLab/project_pong/pong-snmp/hardware/hardware.srcs/sources_1/io/uart/receiverStateMachine.v Z:/Work/Y3/HwSynLab/project_pong/pong-snmp/hardware/hardware.srcs/sources_1/io/seven_segment/counter.v Z:/Work/Y3/HwSynLab/project_pong/pong-snmp/hardware/hardware.srcs/sources_1/cpu/stackZ.v Z:/Work/Y3/HwSynLab/project_pong/pong-snmp/hardware/hardware.srcs/sources_1/io/vgaTracker.v Z:/Work/Y3/HwSynLab/project_pong/pong-snmp/hardware/hardware.srcs/sources_1/memmap/vgaMemory.v Z:/Work/Y3/HwSynLab/project_pong/pong-snmp/hardware/hardware.srcs/sources_1/io/uart/transmitterStateMachine.v Z:/Work/Y3/HwSynLab/project_pong/pong-snmp/hardware/hardware.srcs/sources_1/memmap/outSevenSegment.v Z:/Work/Y3/HwSynLab/project_pong/pong-snmp/hardware/hardware.srcs/sources_1/io/uart/timer.v Z:/Work/Y3/HwSynLab/project_pong/pong-snmp/hardware/hardware.srcs/sources_1/memmap/memory.v Z:/Work/Y3/HwSynLab/project_pong/pong-snmp/hardware/hardware.srcs/sources_1/memmap/memmap.v Z:/Work/Y3/HwSynLab/project_pong/pong-snmp/hardware/hardware.srcs/sources_1/io/uart/shiftRegisterTransmitter.v Z:/Work/Y3/HwSynLab/project_pong/pong-snmp/hardware/hardware.srcs/sources_1/system.v Z:/Work/Y3/HwSynLab/project_pong/pong-snmp/hardware/hardware.srcs/sources_1/io/seven_segment/sevenSegDisplayer.v Z:/Work/Y3/HwSynLab/project_pong/pong-snmp/hardware/hardware.srcs/sources_1/memmap/hexToBcd.v Z:/Work/Y3/HwSynLab/project_pong/pong-snmp/hardware/hardware.srcs/sources_1/cpu/register.v Z:/Work/Y3/HwSynLab/project_pong/pong-snmp/hardware/hardware.srcs/sources_1/cpu/instructionRegister.v Z:/Work/Y3/HwSynLab/project_pong/pong-snmp/hardware/hardware.srcs/sources_1/cpu/controlROM.v Z:/Work/Y3/HwSynLab/project_pong/pong-snmp/hardware/hardware.srcs/sources_1/cpu/alu.v Z:/Work/Y3/HwSynLab/project_pong/pong-snmp/hardware/hardware.srcs/sources_1/cpu/stack.v Z:/Work/Y3/HwSynLab/project_pong/pong-snmp/hardware/hardware.srcs/sources_1/single_pulser/singlePulser.v Z:/Work/Y3/HwSynLab/project_pong/pong-snmp/hardware/hardware.srcs/sources_1/clockController.v Z:/Work/Y3/HwSynLab/project_pong/pong-snmp/hardware/hardware.srcs/sources_1/cpu/controlUnit.v Z:/Work/Y3/HwSynLab/project_pong/pong-snmp/hardware/hardware.srcs/sources_1/io/seven_segment/bitSlicer.v Z:/Work/Y3/HwSynLab/project_pong/pong-snmp/hardware/hardware.srcs/sources_1/io/uart/shiftRegisterReceiver.v Z:/Work/Y3/HwSynLab/project_pong/pong-snmp/hardware/hardware.srcs/sources_1/io/uart/UARTTransmitter.v Z:/Work/Y3/HwSynLab/project_pong/pong-snmp/hardware/hardware.srcs/sources_1/io/seven_segment/activeLowDecoder.v Z:/Work/Y3/HwSynLab/project_pong/pong-snmp/hardware/hardware.srcs/sources_1/single_pulser/debouncer.v Z:/Work/Y3/HwSynLab/project_pong/pong-snmp/hardware/hardware.srcs/sources_1/cpu/programCounter.v}
update_compile_order -fileset sources_1
update_compile_order -fileset sources_1
launch_runs impl_1 -to_step write_bitstream -jobs 2
[Fri May 17 14:16:45 2019] Launched synth_1...
Run output will be captured here: Z:/Work/Y3/HwSynLab/project_pong/pong-snmp/hardware/hardware.runs/synth_1/runme.log
[Fri May 17 14:16:45 2019] Launched impl_1...
Run output will be captured here: Z:/Work/Y3/HwSynLab/project_pong/pong-snmp/hardware/hardware.runs/impl_1/runme.log
open_hw
connect_hw_server
INFO: [Labtools 27-2285] Connecting to hw_server url TCP:localhost:3121
INFO: [Labtools 27-2222] Launching hw_server...
INFO: [Labtools 27-2221] Launch Output:

****** Xilinx hw_server v2018.3
  **** Build date : Dec  7 2018-00:40:27
    ** Copyright 1986-2018 Xilinx, Inc. All Rights Reserved.


open_hw_target
INFO: [Labtoolstcl 44-466] Opening hw_target localhost:3121/xilinx_tcf/Digilent/210183AA13DDA
set_property PROGRAM.FILE {Z:/Work/Y3/HwSynLab/project_pong/pong-snmp/hardware/hardware.runs/impl_1/system.bit} [get_hw_devices xc7a35t_0]
current_hw_device [get_hw_devices xc7a35t_0]
refresh_hw_device -update_hw_probes false [lindex [get_hw_devices xc7a35t_0] 0]
INFO: [Labtools 27-1435] Device xc7a35t (JTAG device index = 0) is not programmed (DONE status = 0).
set_property PROBES.FILE {} [get_hw_devices xc7a35t_0]
set_property FULL_PROBES.FILE {} [get_hw_devices xc7a35t_0]
set_property PROGRAM.FILE {Z:/Work/Y3/HwSynLab/project_pong/pong-snmp/hardware/hardware.runs/impl_1/system.bit} [get_hw_devices xc7a35t_0]
program_hw_devices [get_hw_devices xc7a35t_0]
INFO: [Labtools 27-3164] End of startup status: HIGH
refresh_hw_device [lindex [get_hw_devices xc7a35t_0] 0]
INFO: [Labtools 27-1434] Device xc7a35t (JTAG device index = 0) is programmed with a design that has no supported debug core(s) in it.
close_hw
open_hw
connect_hw_server
INFO: [Labtools 27-2285] Connecting to hw_server url TCP:localhost:3121
INFO: [Labtools 27-2222] Launching hw_server...
INFO: [Labtools 27-2221] Launch Output:

****** Xilinx hw_server v2018.3
  **** Build date : Dec  7 2018-00:40:27
    ** Copyright 1986-2018 Xilinx, Inc. All Rights Reserved.


open_hw_target
INFO: [Labtoolstcl 44-466] Opening hw_target localhost:3121/xilinx_tcf/Digilent/210183AA13DDA
set_property PROGRAM.FILE {Z:/Work/Y3/HwSynLab/project_pong/pong-snmp/hardware/hardware.runs/impl_1/system.bit} [get_hw_devices xc7a35t_0]
current_hw_device [get_hw_devices xc7a35t_0]
refresh_hw_device -update_hw_probes false [lindex [get_hw_devices xc7a35t_0] 0]
INFO: [Labtools 27-1435] Device xc7a35t (JTAG device index = 0) is not programmed (DONE status = 0).
set_property PROBES.FILE {} [get_hw_devices xc7a35t_0]
set_property FULL_PROBES.FILE {} [get_hw_devices xc7a35t_0]
set_property PROGRAM.FILE {Z:/Work/Y3/HwSynLab/project_pong/pong-snmp/hardware/hardware.runs/impl_1/system.bit} [get_hw_devices xc7a35t_0]
program_hw_devices [get_hw_devices xc7a35t_0]
INFO: [Labtools 27-3164] End of startup status: HIGH
refresh_hw_device [lindex [get_hw_devices xc7a35t_0] 0]
INFO: [Labtools 27-1434] Device xc7a35t (JTAG device index = 0) is programmed with a design that has no supported debug core(s) in it.
set_property PROBES.FILE {} [get_hw_devices xc7a35t_0]
set_property FULL_PROBES.FILE {} [get_hw_devices xc7a35t_0]
set_property PROGRAM.FILE {Z:/Work/Y3/HwSynLab/project_pong/pong-snmp/hardware/hardware.runs/impl_1/system.bit} [get_hw_devices xc7a35t_0]
program_hw_devices [get_hw_devices xc7a35t_0]
INFO: [Labtools 27-3164] End of startup status: HIGH
refresh_hw_device [lindex [get_hw_devices xc7a35t_0] 0]
INFO: [Labtools 27-1434] Device xc7a35t (JTAG device index = 0) is programmed with a design that has no supported debug core(s) in it.
close_hw
add_files -norecurse {Z:/Work/Y3/HwSynLab/project_pong/pong-snmp/hardware/hardware.srcs/sources_1/memory/fib_sequential.mem Z:/Work/Y3/HwSynLab/project_pong/pong-snmp/hardware/hardware.srcs/sources_1/memory/vgatest.mem Z:/Work/Y3/HwSynLab/project_pong/pong-snmp/hardware/hardware.srcs/sources_1/memory/shift_test.mem Z:/Work/Y3/HwSynLab/project_pong/pong-snmp/hardware/hardware.srcs/sources_1/memory/fib_recursive.mem Z:/Work/Y3/HwSynLab/project_pong/pong-snmp/hardware/hardware.srcs/sources_1/memory/seg_switch.mem Z:/Work/Y3/HwSynLab/project_pong/pong-snmp/hardware/hardware.srcs/sources_1/memory/interrupttest.mem Z:/Work/Y3/HwSynLab/project_pong/pong-snmp/hardware/hardware.srcs/sources_1/memory/fib_recursive2.mem Z:/Work/Y3/HwSynLab/project_pong/pong-snmp/hardware/hardware.srcs/sources_1/memory/show_array.mem Z:/Work/Y3/HwSynLab/project_pong/pong-snmp/hardware/hardware.srcs/sources_1/memory/bubble_sort.mem}
reset_run synth_1
reset_runs: Time (s): cpu = 00:00:01 ; elapsed = 00:00:06 . Memory (MB): peak = 1671.559 ; gain = 0.000
launch_runs impl_1 -to_step write_bitstream -jobs 2
[Fri May 17 14:28:15 2019] Launched synth_1...
Run output will be captured here: Z:/Work/Y3/HwSynLab/project_pong/pong-snmp/hardware/hardware.runs/synth_1/runme.log
[Fri May 17 14:28:15 2019] Launched impl_1...
Run output will be captured here: Z:/Work/Y3/HwSynLab/project_pong/pong-snmp/hardware/hardware.runs/impl_1/runme.log
open_hw
connect_hw_server
INFO: [Labtools 27-2285] Connecting to hw_server url TCP:localhost:3121
INFO: [Labtools 27-2222] Launching hw_server...
INFO: [Labtools 27-2221] Launch Output:

****** Xilinx hw_server v2018.3
  **** Build date : Dec  7 2018-00:40:27
    ** Copyright 1986-2018 Xilinx, Inc. All Rights Reserved.


connect_hw_server: Time (s): cpu = 00:00:01 ; elapsed = 00:00:10 . Memory (MB): peak = 1673.797 ; gain = 0.000
open_hw_target
INFO: [Labtoolstcl 44-466] Opening hw_target localhost:3121/xilinx_tcf/Digilent/210183AA13DDA
set_property PROGRAM.FILE {Z:/Work/Y3/HwSynLab/project_pong/pong-snmp/hardware/hardware.runs/impl_1/system.bit} [get_hw_devices xc7a35t_0]
current_hw_device [get_hw_devices xc7a35t_0]
refresh_hw_device -update_hw_probes false [lindex [get_hw_devices xc7a35t_0] 0]
INFO: [Labtools 27-1435] Device xc7a35t (JTAG device index = 0) is not programmed (DONE status = 0).
set_property PROBES.FILE {} [get_hw_devices xc7a35t_0]
set_property FULL_PROBES.FILE {} [get_hw_devices xc7a35t_0]
set_property PROGRAM.FILE {Z:/Work/Y3/HwSynLab/project_pong/pong-snmp/hardware/hardware.runs/impl_1/system.bit} [get_hw_devices xc7a35t_0]
program_hw_devices [get_hw_devices xc7a35t_0]
INFO: [Labtools 27-3164] End of startup status: HIGH
refresh_hw_device [lindex [get_hw_devices xc7a35t_0] 0]
INFO: [Labtools 27-1434] Device xc7a35t (JTAG device index = 0) is programmed with a design that has no supported debug core(s) in it.
close_hw
exit
INFO: [Common 17-206] Exiting Vivado at Fri May 17 14:37:31 2019...
